\BOOKMARK [1][-]{section.1}{Introduction}{}
\BOOKMARK [1][-]{section.2}{Discrete-Time State Space Models}{}
\BOOKMARK [2][-]{subsection.2.1}{Linear state space estimation}{section.2}
\BOOKMARK [3][-]{subsubsection.2.1.1}{Discretization of continous-time linear time-invariant systems}{subsection.2.1}
\BOOKMARK [3][-]{subsubsection.2.1.2}{Kalman filter}{subsection.2.1}
\BOOKMARK [3][-]{subsubsection.2.1.3}{Kalman smoother}{subsection.2.1}
\BOOKMARK [3][-]{subsubsection.2.1.4}{Demonstration: 2D CWPA-model}{subsection.2.1}
\BOOKMARK [2][-]{subsection.2.2}{Nonlinear state space estimation}{section.2}
\BOOKMARK [3][-]{subsubsection.2.2.1}{Taylor Series Based Approximations}{subsection.2.2}
\BOOKMARK [3][-]{subsubsection.2.2.2}{Extended Kalman filter}{subsection.2.2}
\BOOKMARK [3][-]{subsubsection.2.2.3}{Extended Kalman smoother}{subsection.2.2}
\BOOKMARK [3][-]{subsubsection.2.2.4}{Demonstration: Tracking a random sine signal}{subsection.2.2}
\BOOKMARK [3][-]{subsubsection.2.2.5}{Unscented Transform}{subsection.2.2}
\BOOKMARK [3][-]{subsubsection.2.2.6}{Unscented Kalman filter}{subsection.2.2}
\BOOKMARK [3][-]{subsubsection.2.2.7}{Unscented Kalman smoother}{subsection.2.2}
\BOOKMARK [3][-]{subsubsection.2.2.8}{Demonstration: UNGM-model}{subsection.2.2}
\BOOKMARK [3][-]{subsubsection.2.2.9}{Demonstration: Bearings Only Tracking}{subsection.2.2}
\BOOKMARK [3][-]{subsubsection.2.2.10}{Demonstration: Reentry Vehicle Tracking}{subsection.2.2}
\BOOKMARK [1][-]{section.3}{Functions in the toolbox}{}
\BOOKMARK [2][-]{subsection.3.1}{Discrete-time state space estimation}{section.3}
\BOOKMARK [3][-]{subsubsection.3.1.1}{Linear models}{subsection.3.1}
\BOOKMARK [3][-]{subsubsection.3.1.2}{Nonlinear models}{subsection.3.1}
\BOOKMARK [2][-]{subsection.3.2}{Other functions}{section.3}
