This is pdfeTeX, Version 3.141592-1.21a-2.2 (Web2C 7.5.4) (format=pdflatex 2006.6.27)  4 SEP 2007 11:15
entering extended mode
**documentation.tex
(./documentation.tex
LaTeX2e <2003/12/01>
Babel <v3.8d> and hyphenation patterns for american, french, german, ngerman, b
ahasa, basque, bulgarian, catalan, croatian, czech, danish, dutch, esperanto, e
stonian, finnish, greek, icelandic, irish, italian, latin, magyar, norsk, polis
h, portuges, romanian, russian, serbian, slovak, slovene, spanish, swedish, tur
kish, ukrainian, nohyphenation, loaded.
(/usr/share/texmf/tex/latex/base/article.cls
Document Class: article 2004/02/16 v1.4f Standard LaTeX document class
(/usr/share/texmf/tex/latex/base/size10.clo
File: size10.clo 2004/02/16 v1.4f Standard LaTeX file (size option)
)
\c@part=\count79
\c@section=\count80
\c@subsection=\count81
\c@subsubsection=\count82
\c@paragraph=\count83
\c@subparagraph=\count84
\c@figure=\count85
\c@table=\count86
\abovecaptionskip=\skip41
\belowcaptionskip=\skip42
\bibindent=\dimen102
)
(/usr/share/texmf/tex/generic/babel/babel.sty
Package: babel 2004/11/20 v3.8d The Babel package

(/usr/share/texmf/tex/generic/babel/english.ldf
Language: english 2004/06/14 v3.3o English support from the babel system

(/usr/share/texmf/tex/generic/babel/babel.def
File: babel.def 2004/11/20 v3.8d Babel common definitions
\babel@savecnt=\count87
\U@D=\dimen103
)
\l@british = a dialect from \language\l@english 
\l@UKenglish = a dialect from \language\l@english 
\l@canadian = a dialect from \language\l@american 
\l@australian = a dialect from \language\l@british 
\l@newzealand = a dialect from \language\l@british 
))
(/usr/share/texmf/tex/latex/base/inputenc.sty
Package: inputenc 2004/02/05 v1.0d Input encoding file

(/usr/share/texmf/tex/latex/base/latin1.def
File: latin1.def 2004/02/05 v1.0d Input encoding file
))
(/usr/share/texmf/tex/latex/base/fontenc.sty
Package: fontenc 2004/02/22 v1.99f Standard LaTeX package

(/usr/share/texmf/tex/latex/base/t1enc.def
File: t1enc.def 2004/02/22 v1.99f Standard LaTeX file
LaTeX Font Info:    Redeclaring font encoding T1 on input line 43.
))
(/usr/share/texmf/tex/latex/psnfss/times.sty
Package: times 2004/09/15 PSNFSS-v9.2 (SPQR) 
)
(/usr/share/texmf/tex/latex/graphics/graphicx.sty
Package: graphicx 1999/02/16 v1.0f Enhanced LaTeX Graphics (DPC,SPQR)

(/usr/share/texmf/tex/latex/graphics/keyval.sty
Package: keyval 1999/03/16 v1.13 key=value parser (DPC)
\KV@toks@=\toks14
)
(/usr/share/texmf/tex/latex/graphics/graphics.sty
Package: graphics 2001/07/07 v1.0n Standard LaTeX Graphics (DPC,SPQR)

(/usr/share/texmf/tex/latex/graphics/trig.sty
Package: trig 1999/03/16 v1.09 sin cos tan (DPC)
)
(/usr/share/texmf/tex/latex/graphics/graphics.cfg
File: graphics.cfg 2005/02/03 v1.3 graphics configuration of teTeX/TeXLive
)
Package graphics Info: Driver file: pdftex.def on input line 80.

(/usr/share/texmf/tex/latex/graphics/pdftex.def
File: pdftex.def 2002/06/19 v0.03k graphics/color for pdftex
\Gread@gobject=\count88
))
\Gin@req@height=\dimen104
\Gin@req@width=\dimen105
)
(/usr/share/texmf/tex/latex/graphics/color.sty
Package: color 1999/02/16 v1.0i Standard LaTeX Color (DPC)

(/usr/share/texmf/tex/latex/graphics/color.cfg
File: color.cfg 2005/02/03 v1.3 color configuration of teTeX/TeXLive
)
Package color Info: Driver file: pdftex.def on input line 125.
)
(/usr/share/texmf/tex/latex/hyperref/hyperref.sty
Package: hyperref 2003/11/30 v6.74m Hypertext links for LaTeX
\@linkdim=\dimen106
\Hy@linkcounter=\count89
\Hy@pagecounter=\count90

(/usr/share/texmf/tex/latex/hyperref/pd1enc.def
File: pd1enc.def 2003/11/30 v6.74m Hyperref: PDFDocEncoding definition (HO)
)
(/usr/share/texmf/tex/latex/hyperref/hyperref.cfg
File: hyperref.cfg 2002/06/06 v1.2 hyperref configuration of TeXLive and teTeX
)
Package hyperref Info: Option `colorlinks' set `true' on input line 1830.
Package hyperref Info: Hyper figures OFF on input line 1880.
Package hyperref Info: Link nesting OFF on input line 1885.
Package hyperref Info: Hyper index ON on input line 1888.
Package hyperref Info: Plain pages ON on input line 1893.
Package hyperref Info: Backreferencing OFF on input line 1900.

Implicit mode ON; LaTeX internals redefined
Package hyperref Info: Bookmarks ON on input line 2004.
(/usr/share/texmf/tex/latex/url/url.sty
\Urlmuskip=\muskip10
Package: url 2004/03/15  ver 3.1  Verb mode for urls, etc.
)
LaTeX Info: Redefining \url on input line 2143.
\Fld@menulength=\count91
\Field@Width=\dimen107
\Fld@charsize=\dimen108
\Choice@toks=\toks15
\Field@toks=\toks16
Package hyperref Info: Hyper figures OFF on input line 2618.
Package hyperref Info: Link nesting OFF on input line 2623.
Package hyperref Info: Hyper index ON on input line 2626.
Package hyperref Info: backreferencing OFF on input line 2633.
Package hyperref Info: Link coloring ON on input line 2636.
\c@Item=\count92
\c@Hfootnote=\count93
)
*hyperref using driver hpdftex*
(/usr/share/texmf/tex/latex/hyperref/hpdftex.def
File: hpdftex.def 2003/11/30 v6.74m Hyperref driver for pdfTeX

(/usr/share/texmf/tex/latex/psnfss/pifont.sty
Package: pifont 2004/09/15 PSNFSS-v9.2 Pi font support (SPQR) 
LaTeX Font Info:    Try loading font information for U+pzd on input line 63.

(/usr/share/texmf/tex/latex/psnfss/upzd.fd
File: upzd.fd 2001/06/04 font definitions for U/pzd.
)
LaTeX Font Info:    Try loading font information for U+psy on input line 64.

(/usr/share/texmf/tex/latex/psnfss/upsy.fd
File: upsy.fd 2001/06/04 font definitions for U/psy.
))
\Fld@listcount=\count94
\@outlinefile=\write3
)
(/usr/share/texmf/tex/latex/amsmath/amsmath.sty
Package: amsmath 2000/07/18 v2.13 AMS math features
\@mathmargin=\skip43

For additional information on amsmath, use the `?' option.
(/usr/share/texmf/tex/latex/amsmath/amstext.sty
Package: amstext 2000/06/29 v2.01

(/usr/share/texmf/tex/latex/amsmath/amsgen.sty
File: amsgen.sty 1999/11/30 v2.0
\@emptytoks=\toks17
\ex@=\dimen109
))
(/usr/share/texmf/tex/latex/amsmath/amsbsy.sty
Package: amsbsy 1999/11/29 v1.2d
\pmbraise@=\dimen110
)
(/usr/share/texmf/tex/latex/amsmath/amsopn.sty
Package: amsopn 1999/12/14 v2.01 operator names
)
\inf@bad=\count95
LaTeX Info: Redefining \frac on input line 211.
\uproot@=\count96
\leftroot@=\count97
LaTeX Info: Redefining \overline on input line 307.
\classnum@=\count98
\DOTSCASE@=\count99
LaTeX Info: Redefining \ldots on input line 379.
LaTeX Info: Redefining \dots on input line 382.
LaTeX Info: Redefining \cdots on input line 467.
\Mathstrutbox@=\box26
\strutbox@=\box27
\big@size=\dimen111
LaTeX Font Info:    Redeclaring font encoding OML on input line 567.
LaTeX Font Info:    Redeclaring font encoding OMS on input line 568.
\macc@depth=\count100
\c@MaxMatrixCols=\count101
\dotsspace@=\muskip11
\c@parentequation=\count102
\dspbrk@lvl=\count103
\tag@help=\toks18
\row@=\count104
\column@=\count105
\maxfields@=\count106
\andhelp@=\toks19
\eqnshift@=\dimen112
\alignsep@=\dimen113
\tagshift@=\dimen114
\tagwidth@=\dimen115
\totwidth@=\dimen116
\lineht@=\dimen117
\@envbody=\toks20
\multlinegap=\skip44
\multlinetaggap=\skip45
\mathdisplay@stack=\toks21
LaTeX Info: Redefining \[ on input line 2666.
LaTeX Info: Redefining \] on input line 2667.
)
(/usr/share/texmf/tex/latex/amsfonts/amsfonts.sty
Package: amsfonts 2001/10/25 v2.2f
\symAMSa=\mathgroup4
\symAMSb=\mathgroup5
LaTeX Font Info:    Overwriting math alphabet `\mathfrak' in version `bold'
(Font)                  U/euf/m/n --> U/euf/b/n on input line 132.
)
(/usr/share/texmf/tex/latex/amsfonts/amssymb.sty
Package: amssymb 2002/01/22 v2.2d
)
(/usr/share/texmf/tex/latex/amsfonts/eufrak.sty

Package eufrak Warning: The eufrak package is redundant if the amsfonts package
 is used on input line 58.

) (/usr/share/texmf/tex/latex/amsfonts/eucal.sty
Package: eucal 2001/10/01 v2.2d Euler Script fonts
LaTeX Font Info:    Overwriting math alphabet `\EuScript' in version `bold'
(Font)                  U/eus/m/n --> U/eus/b/n on input line 55.
)
(/usr/share/texmf/tex/latex/subfigure/subfigure.sty
Package: subfigure 2002/07/30 v2.1.4 subfigure package
\subfigtopskip=\skip46
\subfigcapskip=\skip47
\subfigcaptopadj=\dimen118
\subfigbottomskip=\skip48
\subfigcapmargin=\dimen119
\subfiglabelskip=\skip49
\c@subfigure=\count107
\c@lofdepth=\count108
\c@subtable=\count109
\c@lotdepth=\count110

****************************************
* Local config file subfigure.cfg used *
****************************************
(/usr/share/texmf/tex/latex/subfigure/subfigure.cfg)
\subfig@top=\skip50
\subfig@bottom=\skip51
)
(/usr/share/texmf/tex/latex/tools/longtable.sty
Package: longtable 2004/02/01 v4.11 Multi-page Table package (DPC)
\LTleft=\skip52
\LTright=\skip53
\LTpre=\skip54
\LTpost=\skip55
\LTchunksize=\count111
\LTcapwidth=\dimen120
\LT@head=\box28
\LT@firsthead=\box29
\LT@foot=\box30
\LT@lastfoot=\box31
\LT@cols=\count112
\LT@rows=\count113
\c@LT@tables=\count114
\c@LT@chunks=\count115
\LT@p@ftn=\toks22
)
(/usr/share/texmf/tex/latex/moreverb/moreverb.sty
Package: moreverb 1997/12/07 v2.2d.2 `more' verbatim facilities

(/usr/share/texmf/tex/latex/tools/verbatim.sty
Package: verbatim 2003/08/22 v1.5q LaTeX2e package for verbatim enhancements
\every@verbatim=\toks23
\verbatim@line=\toks24
\verbatim@in@stream=\read1
)
\verbatim@out=\write4
\tab@position=\count116
\tab@size=\count117
\listing@line=\count118
)
(/usr/share/texmf/tex/latex/listings/listings.sty
\lst@mode=\count119
\lst@gtempboxa=\box32
\lst@token=\toks25
\lst@length=\count120
\lst@currlwidth=\dimen121
\lst@column=\count121
\lst@pos=\count122
\lst@lostspace=\dimen122
\lst@width=\dimen123
\lst@newlines=\count123
\lst@lineno=\count124
\c@lstlisting=\count125
\lst@maxwidth=\dimen124

(/usr/share/texmf/tex/latex/listings/lstpatch.sty
File: lstpatch.sty 2004/10/17 1.3b (Carsten Heinz)
)
(/usr/share/texmf/tex/latex/listings/lstmisc.sty
File: lstmisc.sty 2004/09/07 1.3 (Carsten Heinz)
\c@lstnumber=\count126
\lst@skipnumbers=\count127
\lst@framebox=\box33
)
(/usr/share/texmf/tex/latex/listings/listings.cfg
File: listings.cfg 2004/09/05 1.3 listings configuration
))
Package: listings 2004/10/17 1.3b (Carsten Heinz)

(/usr/share/texmf/tex/latex/natbib/natbib.sty
Package: natbib 2003/06/06 7.1 (PWD)
\bibhang=\skip56
\bibsep=\skip57
LaTeX Info: Redefining \cite on input line 518.
\c@NAT@ctr=\count128
)
(/usr/share/texmf/tex/latex/listings/lstlang1.sty
File: lstlang1.sty 2004/09/05 1.3 listings language file
) (./documentation.aux)
\openout1 = `documentation.aux'.

LaTeX Font Info:    Checking defaults for OML/cmm/m/it on input line 194.
LaTeX Font Info:    ... okay on input line 194.
LaTeX Font Info:    Checking defaults for T1/cmr/m/n on input line 194.
LaTeX Font Info:    ... okay on input line 194.
LaTeX Font Info:    Checking defaults for OT1/cmr/m/n on input line 194.
LaTeX Font Info:    ... okay on input line 194.
LaTeX Font Info:    Checking defaults for OMS/cmsy/m/n on input line 194.
LaTeX Font Info:    ... okay on input line 194.
LaTeX Font Info:    Checking defaults for OMX/cmex/m/n on input line 194.
LaTeX Font Info:    ... okay on input line 194.
LaTeX Font Info:    Checking defaults for U/cmr/m/n on input line 194.
LaTeX Font Info:    ... okay on input line 194.
LaTeX Font Info:    Checking defaults for PD1/pdf/m/n on input line 194.
LaTeX Font Info:    ... okay on input line 194.
LaTeX Font Info:    Try loading font information for T1+ptm on input line 194.

(/usr/share/texmf/tex/latex/psnfss/t1ptm.fd
File: t1ptm.fd 2001/06/04 font definitions for T1/ptm.
)
(/usr/share/texmf/tex/context/base/supp-pdf.tex
(/usr/share/texmf/tex/context/base/supp-mis.tex
loading : Context Support Macros / Miscellaneous (2004.10.26)
\protectiondepth=\count129
\scratchcounter=\count130
\scratchtoks=\toks26
\scratchdimen=\dimen125
\scratchskip=\skip58
\scratchmuskip=\muskip12
\scratchbox=\box34
\scratchread=\read2
\scratchwrite=\write5
\zeropoint=\dimen126
\onepoint=\dimen127
\onebasepoint=\dimen128
\minusone=\count131
\thousandpoint=\dimen129
\onerealpoint=\dimen130
\emptytoks=\toks27
\nextbox=\box35
\nextdepth=\dimen131
\everyline=\toks28
\!!counta=\count132
\!!countb=\count133
\recursecounter=\count134
)
loading : Context Support Macros / PDF (2004.03.26)
\nofMPsegments=\count135
\nofMParguments=\count136
\MPscratchCnt=\count137
\MPscratchDim=\dimen132
\MPnumerator=\count138
\everyMPtoPDFconversion=\toks29
)
Package hyperref Info: Link coloring ON on input line 194.
 (/usr/share/texmf/tex/latex/hyperref/nameref.sty
Package: nameref 2003/12/03 v2.21 Cross-referencing by name of section
\c@section@level=\count139
)
LaTeX Info: Redefining \ref on input line 194.
LaTeX Info: Redefining \pageref on input line 194.
 (./documentation.out)
(./documentation.out)
\openout3 = `documentation.out'.

LaTeX Font Info:    Try loading font information for U+msa on input line 196.
 (/usr/share/texmf/tex/latex/amsfonts/umsa.fd
File: umsa.fd 2002/01/19 v2.2g AMS font definitions
)
LaTeX Font Info:    Try loading font information for U+msb on input line 196.

(/usr/share/texmf/tex/latex/amsfonts/umsb.fd
File: umsb.fd 2002/01/19 v2.2g AMS font definitions
)
LaTeX Font Info:    Font shape `T1/ptm/bx/n' in size <9> not available
(Font)              Font shape `T1/ptm/b/n' tried instead on input line 199.
 [1

{/usr/share/texmf-var/fonts/map/pdftex/updmap/pdftex.map}]
LaTeX Font Info:    Font shape `T1/ptm/bx/n' in size <14.4> not available
(Font)              Font shape `T1/ptm/b/n' tried instead on input line 228.
 (./documentation.toc
LaTeX Font Info:    Font shape `T1/ptm/bx/n' in size <10> not available
(Font)              Font shape `T1/ptm/b/n' tried instead on input line 2.
)
\tf@toc=\write6
\openout6 = `documentation.toc'.

 [2] [3]
LaTeX Font Info:    Try loading font information for OMS+ptm on input line 287.


(/usr/share/texmf/tex/latex/psnfss/omsptm.fd
File: omsptm.fd 
)
LaTeX Font Info:    Font shape `OMS/ptm/m/n' in size <10> not available
(Font)              Font shape `OMS/cmsy/m/n' tried instead on input line 287.
 [4]
LaTeX Font Info:    Font shape `T1/ptm/bx/n' in size <12> not available
(Font)              Font shape `T1/ptm/b/n' tried instead on input line 460.
 [5]
LaTeX Font Info:    Try loading font information for T1+pcr on input line 583.

(/usr/share/texmf/tex/latex/psnfss/t1pcr.fd
File: t1pcr.fd 2001/06/04 font definitions for T1/pcr.
) [6]
Overfull \hbox (6.45897pt too wide) in paragraph at lines 657--660
[]\T1/ptm/m/n/10 The pre-dic-tion and up-date steps can be cal-cu-lated with fu
nc-tions \T1/pcr/m/n/10 kf_predict \T1/ptm/m/n/10 and \T1/pcr/m/n/10 kf_update\
T1/ptm/m/n/10 ,
 []


Overfull \hbox (3.45752pt too wide) in paragraph at lines 663--667
\T1/ptm/m/n/10 The discrete-time Kalman smoother, also known as the Rauch-Tung-
Striebel-smoother (RTS), (Rauch
 []

[7] [8] <pics/demo1_f1.pdf, id=233, 483.8075pt x 388.45125pt>
File: pics/demo1_f1.pdf Graphic file (type pdf)

<use pics/demo1_f1.pdf> [9]
Underfull \hbox (badness 10000) in paragraph at lines 878--890

 []

<pics/demo1_f2.pdf, id=251, 499.8675pt x 407.5225pt>
File: pics/demo1_f2.pdf Graphic file (type pdf)
 <use pics/demo1_f2.pdf>
[10 <./pics/demo1_f1.pdf>]
<pics/demo1_f3.pdf, id=268, 499.8675pt x 407.5225pt>
File: pics/demo1_f3.pdf Graphic file (type pdf)
 <use pics/demo1_f3.pdf>
[11 <./pics/demo1_f2.pdf>] [12 <./pics/demo1_f3.pdf>] [13] [14] [15]
Overfull \hbox (29.92761pt too wide) in paragraph at lines 1294--1299
\T1/ptm/m/n/10 First or-der smooth-ing so-lu-tiong with a RTS type smoother can
 be com-puted with func-tion \T1/pcr/m/n/10 erts_smooth1\T1/ptm/m/n/10 ,
 []


Overfull \hbox (9.35881pt too wide) in paragraph at lines 1294--1299
\T1/ptm/m/n/10 and with forward-backward type smoother the com-pu-ta-tion can b
e done with func-tion \T1/pcr/m/n/10 etf_smooth1\T1/ptm/m/n/10 . 
 []

[16] [17]
Overfull \hbox (41.52013pt too wide) in paragraph at lines 1538--1543
\T1/ptm/m/n/10 These func-tions are de-fined in files \T1/pcr/m/n/10 efk_sine_h
.m\T1/ptm/m/n/10 , \T1/pcr/m/n/10 ekf_sine_dh_dx.m \T1/ptm/m/n/10 and \T1/pcr/m
/n/10 ekf_sine_d2h_dx2.m\T1/ptm/m/n/10 ,
 []


Overfull \hbox (58.61766pt too wide) in paragraph at lines 1538--1543
\T1/ptm/m/n/10 re-spec-tively. The han-dles of these func-tions are saved in th
e ac-tual demon-stra-tion script file (\T1/pcr/m/n/10 ekf_sine_demo.m\T1/ptm/m/
n/10 )
 []

[18] [19] <pics/demo2_f1.pdf, id=382, 475.7775pt x 388.45125pt>
File: pics/demo2_f1.pdf Graphic file (type pdf)

<use pics/demo2_f1.pdf> <pics/demo2_f2.pdf, id=383, 475.7775pt x 388.45125pt>
File: pics/demo2_f2.pdf Graphic file (type pdf)

<use pics/demo2_f2.pdf> <pics/demo2_f3.pdf, id=384, 475.7775pt x 388.45125pt>
File: pics/demo2_f3.pdf Graphic file (type pdf)

<use pics/demo2_f3.pdf> [20] [21 <./pics/demo2_f1.pdf> <./pics/demo2_f2.pdf>]
[22 <./pics/demo2_f3.pdf>] [23] [24] [25]
Overfull \hbox (34.64804pt too wide) in paragraph at lines 2119--2124
[]\T1/ptm/m/n/10 The pre-dic-tion and up-date steps of the aug-mented UKF can b
e com-puted with func-tions \T1/pcr/m/n/10 ukf_predict3
 []

[26]
Overfull \hbox (3.43701pt too wide) in paragraph at lines 2242--2250
\T1/ptm/m/n/10 To il-lus-trate some of the ad-van-tages of UKF over EKF and aug
-mented form UKF over non-augmented
 []


Overfull \hbox (9.66142pt too wide) in paragraph at lines 2271--2271
[]\T1/pcr/m/n/10 x_n = 0.5*x(1,:) + 25*x(1,:)./(1+x(1,:).*x(1,:)) + 8*cos(1.2*(
n-1));[] 
 []

[27] <pics/ungm_states.pdf, id=491, 480.79625pt x 388.45125pt>
File: pics/ungm_states.pdf Graphic file (type pdf)

<use pics/ungm_states.pdf> [28]
<pics/ungm_c_errors.pdf, id=502, 486.81876pt x 388.45125pt>
File: pics/ungm_c_errors.pdf Graphic file (type pdf)

<use pics/ungm_c_errors.pdf>
<pics/ungm_ukf_comp.pdf, id=503, 480.79625pt x 388.45125pt>
File: pics/ungm_ukf_comp.pdf Graphic file (type pdf)

<use pics/ungm_ukf_comp.pdf> [29 <./pics/ungm_states.pdf>] [30 <./pics/ungm_c_e
rrors.pdf> <./pics/ungm_ukf_comp.pdf>]
<pics/ungm_mse.pdf, id=547, 480.79625pt x 388.45125pt>
File: pics/ungm_mse.pdf Graphic file (type pdf)
 <use pics/ungm_mse.pdf>
[31 <./pics/ungm_mse.pdf>]
<pics/bot_demo_measurements.pdf, id=560, 483.8075pt x 388.45125pt>
File: pics/bot_demo_measurements.pdf Graphic file (type pdf)

<use pics/bot_demo_measurements.pdf> [32] [33 <./pics/bot_demo_measurements.pdf
>] <pics/bot_demo_ekf1.pdf, id=590, 481.8pt x 388.45125pt>
File: pics/bot_demo_ekf1.pdf Graphic file (type pdf)

<use pics/bot_demo_ekf1.pdf>
<pics/bot_demo_ekf2.pdf, id=591, 481.8pt x 388.45125pt>
File: pics/bot_demo_ekf2.pdf Graphic file (type pdf)

<use pics/bot_demo_ekf2.pdf>
<pics/bot_demo_ukf.pdf, id=592, 481.8pt x 388.45125pt>
File: pics/bot_demo_ukf.pdf Graphic file (type pdf)

<use pics/bot_demo_ukf.pdf> [34] [35 <./pics/bot_demo_ekf1.pdf> <./pics/bot_dem
o_ekf2.pdf>] [36 <./pics/bot_demo_ukf.pdf>]
Underfull \vbox (badness 10000) has occurred while \output is active []

 [37]
Underfull \vbox (badness 10000) has occurred while \output is active []

 [38]
Underfull \vbox (badness 10000) has occurred while \output is active []

 [39]
<pics/reentry_trajectory.pdf, id=662, 488.82625pt x 377.41pt>
File: pics/reentry_trajectory.pdf Graphic file (type pdf)

<use pics/reentry_trajectory.pdf>
<pics/reentry_errors.pdf, id=663, 503.8825pt x 406.51875pt>
File: pics/reentry_errors.pdf Graphic file (type pdf)

<use pics/reentry_errors.pdf> [40] [41 <./pics/reentry_trajectory.pdf>]
[42 <./pics/reentry_errors.pdf>]
LaTeX Font Info:    Font shape `T1/pcr/bx/n' in size <10> not available
(Font)              Font shape `T1/pcr/b/n' tried instead on input line 3101.

Underfull \vbox (badness 10000) has occurred while \output is active []

 [43

]
Overfull \hbox (24.89424pt too wide) in paragraph at lines 3152--3188
[] 
 []


Overfull \hbox (5.96446pt too wide) in paragraph at lines 3194--3234
[] 
 []


Overfull \hbox (38.6575pt too wide) in paragraph at lines 3242--3276
[] 
 []


Underfull \vbox (badness 10000) has occurred while \output is active []

 [44]
Overfull \hbox (19.45169pt too wide) in paragraph at lines 3282--3321
[] 
 []


Overfull \hbox (54.33473pt too wide) in paragraph at lines 3337--3376
[] 
 []


Overfull \hbox (33.11893pt too wide) in paragraph at lines 3385--3431
[] 
 []


Underfull \vbox (badness 3189) has occurred while \output is active []

 [45]
Overfull \hbox (67.92564pt too wide) in paragraph at lines 3434--3477
[] 
 []


Overfull \hbox (71.7389pt too wide) in paragraph at lines 3480--3529
[] 
 []


Underfull \vbox (badness 10000) has occurred while \output is active []

 [46]
Underfull \hbox (badness 10000) in paragraph at lines 3538--3544

 []


Overfull \hbox (80.5868pt too wide) in paragraph at lines 3547--3592
[] 
 []


Underfull \vbox (badness 10000) has occurred while \output is active []

 [47]
Overfull \hbox (92.16814pt too wide) in paragraph at lines 3595--3654
[] 
 []


Underfull \hbox (badness 10000) in paragraph at lines 3665--3699

 []


Underfull \vbox (badness 10000) has occurred while \output is active []

 [48]
Underfull \hbox (badness 10000) in paragraph at lines 3706--3741

 []


Underfull \hbox (badness 10000) in paragraph at lines 3748--3779

 []


Overfull \hbox (39.5412pt too wide) in paragraph at lines 3788--3831
[] 
 []


Underfull \hbox (badness 10000) in paragraph at lines 3788--3831

 []


Overfull \hbox (44.68185pt too wide) in paragraph at lines 3834--3874
[] 
 []


Underfull \hbox (badness 10000) in paragraph at lines 3834--3874

 []


Underfull \vbox (badness 10000) has occurred while \output is active []

 [49]
Overfull \hbox (63.5412pt too wide) in paragraph at lines 3877--3925
[] 
 []


Overfull \hbox (47.46605pt too wide) in paragraph at lines 3927--3969
[] 
 []


Underfull \hbox (badness 10000) in paragraph at lines 3927--3969

 []


Underfull \vbox (badness 10000) has occurred while \output is active []

 [50]
Overfull \hbox (63.5412pt too wide) in paragraph at lines 3973--4022
[] 
 []


Overfull \hbox (57.65701pt too wide) in paragraph at lines 4025--4070
[] 
 []


Underfull \hbox (badness 10000) in paragraph at lines 4025--4070

 []


Underfull \vbox (badness 10000) has occurred while \output is active []

 [51]
Overfull \hbox (87.5412pt too wide) in paragraph at lines 4074--4127
[] 
 []


Overfull \hbox (51.5412pt too wide) in paragraph at lines 4131--4175
[] 
 []


Underfull \vbox (badness 10000) has occurred while \output is active []

 [52]
Overfull \hbox (53.46605pt too wide) in paragraph at lines 4178--4224
[] 
 []


Overfull \hbox (57.5412pt too wide) in paragraph at lines 4228--4283
[] 
 []


Underfull \vbox (badness 10000) has occurred while \output is active []

 [53]
Underfull \hbox (badness 10000) in paragraph at lines 4291--4324

 []


Underfull \hbox (badness 10000) in paragraph at lines 4329--4362

 []


Underfull \hbox (badness 10000) in paragraph at lines 4365--4408

 []


Underfull \vbox (badness 10000) has occurred while \output is active []

 [54]
Overfull \hbox (21.63754pt too wide) in paragraph at lines 4412--4466
[][] 
 []


Underfull \vbox (badness 10000) has occurred while \output is active []

 [55]
[56] [57] (./documentation.aux) ) 
Here is how much of TeX's memory you used:
 6594 strings out of 94500
 85017 string characters out of 1170409
 154607 words of memory out of 4000000
 9347 multiletter control sequences out of 10000+50000
 48173 words of font info for 79 fonts, out of 500000 for 2000
 580 hyphenation exceptions out of 1000
 27i,22n,42p,277b,314s stack positions out of 3000i,1500n,5000p,200000b,15000s
PDF statistics:
 848 PDF objects out of 300000
 260 named destinations out of 131072
 281 words of extra memory for PDF output out of 65536
{/usr/share/texmf/fonts/enc/dvips/psnfss/8r.en
c}</usr/share/texmf/fonts/type1/urw/courier/ucrb8a.pfb></usr/share/texmf/fonts/
type1/bluesky/cm/cmr5.pfb></usr/share/texmf/fonts/type1/bluesky/cm/cmsy5.pfb></
usr/share/texmf/fonts/type1/bluesky/cm/cmmib10.pfb></usr/share/texmf/fonts/type
1/bluesky/cm/cmbx7.pfb></usr/share/texmf/fonts/type1/urw/courier/ucrr8a.pfb></u
sr/share/texmf/fonts/type1/bluesky/cm/cmmi5.pfb></usr/share/texmf/fonts/type1/b
luesky/cm/cmex10.pfb></usr/share/texmf/fonts/type1/bluesky/symbols/msbm10.pfb><
/usr/share/texmf/fonts/type1/bluesky/cm/cmr7.pfb></usr/share/texmf/fonts/type1/
bluesky/cm/cmsy7.pfb></usr/share/texmf/fonts/type1/bluesky/cm/cmr10.pfb></usr/s
hare/texmf/fonts/type1/bluesky/cm/cmmi10.pfb></usr/share/texmf/fonts/type1/blue
sky/cm/cmmi7.pfb></usr/share/texmf/fonts/type1/bluesky/cm/cmbx10.pfb></usr/shar
e/texmf/fonts/type1/bluesky/cm/cmsy10.pfb></usr/share/texmf/fonts/type1/urw/tim
es/utmb8a.pfb></usr/share/texmf/fonts/type1/urw/times/utmri8a.pfb></usr/share/t
exmf/fonts/type1/urw/times/utmr8a.pfb>
Output written on documentation.pdf (57 pages, 803310 bytes).
